<?xml version="1.0" encoding="UTF-8"?>
<!-- Generated by org.testng.reporters.JUnitXMLReporter -->
<testsuite hostname="DESKTOP-VII0J20" ignored="0" name="About" tests="4" failures="0" timestamp="2021-10-26T17:08:16 BDT" time="37.588" errors="0">
  <testcase name="AboutPageTest" time="3.453" classname="com.FalconTalk.Basic.About"/>
  <testcase name="AppNameTest" time="0.066" classname="com.FalconTalk.Basic.About"/>
  <testcase name="EULATest" time="1.782" classname="com.FalconTalk.Basic.About"/>
  <testcase name="PrivacyStatementTest" time="2.872" classname="com.FalconTalk.Basic.About"/>
</testsuite> <!-- About -->
