<?xml version="1.0" encoding="UTF-8"?>
<!-- Generated by org.testng.reporters.JUnitXMLReporter -->
<testsuite hostname="DESKTOP-VII0J20" ignored="0" name="AddProfileCabinProfile" tests="8" failures="0" timestamp="2021-10-26T17:11:55 BDT" time="62.713" errors="0">
  <testcase name="Setup" time="5.621" classname="com.FalconTalk.ManualAccountConfiguration.CabinProfile"/>
  <testcase name="CabinRouterPageforGogo" time="5.949" classname="com.FalconTalk.ManualAccountConfiguration.CabinProfile"/>
  <testcase name="CabinRouterPageforHoneywellLegacy" time="6.227" classname="com.FalconTalk.ManualAccountConfiguration.CabinProfile"/>
  <testcase name="CabinRouterPageforHoneywellFc" time="6.695" classname="com.FalconTalk.ManualAccountConfiguration.CabinProfile"/>
  <testcase name="CabinRouterPageforHoneywellCNX" time="6.343" classname="com.FalconTalk.ManualAccountConfiguration.CabinProfile"/>
  <testcase name="CabinRouterPageforHoneywellGDR" time="6.012" classname="com.FalconTalk.ManualAccountConfiguration.CabinProfile"/>
  <testcase name="CabinRouterPageforSatcom" time="6.224" classname="com.FalconTalk.ManualAccountConfiguration.CabinProfile"/>
  <testcase name="CabinRouterPageforCustom" time="3.097" classname="com.FalconTalk.ManualAccountConfiguration.CabinProfile"/>
</testsuite> <!-- AddProfileCabinProfile -->
