<?xml version="1.0" encoding="UTF-8"?>
<!-- Generated by org.testng.reporters.JUnitXMLReporter -->
<testsuite hostname="DESKTOP-VII0J20" ignored="0" name="AddProfileManufacturerProfile" tests="6" failures="0" timestamp="2021-10-26T17:13:24 BDT" time="30.878" errors="0">
  <testcase name="Setup" time="2.867" classname="com.FalconTalk.ManualAccountConfiguration.ManufacturerProfile"/>
  <testcase name="manufacturerselectionTest" time="1.43" classname="com.FalconTalk.ManualAccountConfiguration.ManufacturerProfile"/>
  <testcase name="manufacturerSelectionandgogoApplyButtonTest" time="1.993" classname="com.FalconTalk.ManualAccountConfiguration.ManufacturerProfile"/>
  <testcase name="manufacturerSelectionandhoneywellApplyButtonTest" time="3.013" classname="com.FalconTalk.ManualAccountConfiguration.ManufacturerProfile"/>
  <testcase name="manufacturerSelectionsatcomDirectApplyButtonTest" time="3.073" classname="com.FalconTalk.ManualAccountConfiguration.ManufacturerProfile"/>
  <testcase name="manufacturerSelectioncustomApplyButtonTest" time="2.846" classname="com.FalconTalk.ManualAccountConfiguration.ManufacturerProfile"/>
</testsuite> <!-- AddProfileManufacturerProfile -->
