<?xml version="1.0" encoding="UTF-8"?>
<!-- Generated by org.testng.reporters.JUnitXMLReporter -->
<testsuite hostname="DESKTOP-VII0J20" ignored="0" name="AddProfileExtensionSelectionProfile" tests="24" failures="0" timestamp="2021-10-26T17:12:53 BDT" time="57.86" errors="0">
  <testcase name="Setup" time="2.332" classname="com.FalconTalk.ManualAccountConfiguration.ExtensionSelectionProfile"/>
  <testcase name="ExtensionSelectionforGogoTest" time="5.348" classname="com.FalconTalk.ManualAccountConfiguration.ExtensionSelectionProfile"/>
  <testcase name="RingGroupNameforGogoTest" time="0.407" classname="com.FalconTalk.ManualAccountConfiguration.ExtensionSelectionProfile"/>
  <testcase name="DisplayNameforGogoTest" time="1.649" classname="com.FalconTalk.ManualAccountConfiguration.ExtensionSelectionProfile"/>
  <testcase name="ExtensionSelectionforLegacyTest" time="5.837" classname="com.FalconTalk.ManualAccountConfiguration.ExtensionSelectionProfile"/>
  <testcase name="PasswordFieldforLegacyTest" time="0.798" classname="com.FalconTalk.ManualAccountConfiguration.ExtensionSelectionProfile"/>
  <testcase name="RingGroupNameforLegacyTest" time="0.44" classname="com.FalconTalk.ManualAccountConfiguration.ExtensionSelectionProfile"/>
  <testcase name="DisplayNameforLegacyTest" time="0.896" classname="com.FalconTalk.ManualAccountConfiguration.ExtensionSelectionProfile"/>
  <testcase name="ExtensionSelectionforFcTest" time="3.581" classname="com.FalconTalk.ManualAccountConfiguration.ExtensionSelectionProfile"/>
  <testcase name="PasswordFieldforFcTest" time="0.774" classname="com.FalconTalk.ManualAccountConfiguration.ExtensionSelectionProfile"/>
  <testcase name="RingGroupNameforFcTest" time="0.546" classname="com.FalconTalk.ManualAccountConfiguration.ExtensionSelectionProfile"/>
  <testcase name="DisplayNameforFcTest" time="0.863" classname="com.FalconTalk.ManualAccountConfiguration.ExtensionSelectionProfile"/>
  <testcase name="ExtensionSelectionforCNXTest" time="3.481" classname="com.FalconTalk.ManualAccountConfiguration.ExtensionSelectionProfile"/>
  <testcase name="PasswordFieldforCNX900Test" time="0.75" classname="com.FalconTalk.ManualAccountConfiguration.ExtensionSelectionProfile"/>
  <testcase name="RingGroupNameforCNXTest" time="0.13" classname="com.FalconTalk.ManualAccountConfiguration.ExtensionSelectionProfile"/>
  <testcase name="DisplayNameforCNXTest" time="0.816" classname="com.FalconTalk.ManualAccountConfiguration.ExtensionSelectionProfile"/>
  <testcase name="ExtensionSelectionforGDRTest" time="3.505" classname="com.FalconTalk.ManualAccountConfiguration.ExtensionSelectionProfile"/>
  <testcase name="PasswordFieldforGDRTest" time="0.764" classname="com.FalconTalk.ManualAccountConfiguration.ExtensionSelectionProfile"/>
  <testcase name="RingGroupNameforGDRTest" time="0.144" classname="com.FalconTalk.ManualAccountConfiguration.ExtensionSelectionProfile"/>
  <testcase name="DisplayNameforGDRTest" time="1.542" classname="com.FalconTalk.ManualAccountConfiguration.ExtensionSelectionProfile"/>
  <testcase name="ExtensionSelectionforSDRTest" time="5.935" classname="com.FalconTalk.ManualAccountConfiguration.ExtensionSelectionProfile"/>
  <testcase name="PasswordFieldforSDRTest" time="0.767" classname="com.FalconTalk.ManualAccountConfiguration.ExtensionSelectionProfile"/>
  <testcase name="RingGroupNameforSDRTest" time="0.414" classname="com.FalconTalk.ManualAccountConfiguration.ExtensionSelectionProfile"/>
  <testcase name="DisplayNameforSDRTest" time="0.068" classname="com.FalconTalk.ManualAccountConfiguration.ExtensionSelectionProfile"/>
</testsuite> <!-- AddProfileExtensionSelectionProfile -->
