<?xml version="1.0" encoding="UTF-8"?>
<!-- Generated by org.testng.reporters.JUnitXMLReporter -->
<testsuite hostname="DESKTOP-VII0J20" ignored="0" name="AddProfileManufacturerCustomProfile" tests="9" failures="0" timestamp="2021-10-26T17:14:16 BDT" time="52.252" errors="0">
  <testcase name="Setup" time="2.419" classname="com.FalconTalk.ManualAccountConfiguration.CustomAccountConfiguration"/>
  <testcase name="CustomProfileInputRegTest" time="6.544" classname="com.FalconTalk.ManualAccountConfiguration.CustomAccountConfiguration"/>
  <testcase name="CustomAccoundAddedDisablePreviousAcountTest" time="0.175" classname="com.FalconTalk.ManualAccountConfiguration.CustomAccountConfiguration"/>
  <testcase name="CustomAccountDisableWhenEnableingAutoAccountTest" time="6.001" classname="com.FalconTalk.ManualAccountConfiguration.CustomAccountConfiguration"/>
  <testcase name="CustomAccountEditTest" time="11.984" classname="com.FalconTalk.ManualAccountConfiguration.CustomAccountConfiguration"/>
  <testcase name="CustomAccountShowingOnKeypadTest" time="2.31" classname="com.FalconTalk.ManualAccountConfiguration.CustomAccountConfiguration"/>
  <testcase name="CustomAccontShowingOnNavDrawerTest" time="1.875" classname="com.FalconTalk.ManualAccountConfiguration.CustomAccountConfiguration"/>
  <testcase name="CustomAccountShowingOnProfileListTest" time="2.114" classname="com.FalconTalk.ManualAccountConfiguration.CustomAccountConfiguration"/>
  <testcase name="CustomAccountShowingOnAutoDiscoveryCabinListTest" time="3.214" classname="com.FalconTalk.ManualAccountConfiguration.CustomAccountConfiguration"/>
</testsuite> <!-- AddProfileManufacturerCustomProfile -->
