<?xml version="1.0" encoding="UTF-8"?>
<!-- Generated by org.testng.reporters.JUnitXMLReporter -->
<testsuite hostname="DESKTOP-VII0J20" ignored="0" name="CabinModeConfiguration" tests="7" failures="0" timestamp="2021-10-26T17:14:56 BDT" time="40.103" errors="0">
  <testcase name="ConfigureCabinDevicePageTest" time="6.323" classname="com.FalconTalk.CabinModeConfiguration.ConfigureCabinDevice"/>
  <testcase name="TostMessageTest" time="0.648" classname="com.FalconTalk.CabinModeConfiguration.ConfigureCabinDevice"/>
  <testcase name="CabinAccountAndExtensionSelectionPageTest" time="1.813" classname="com.FalconTalk.CabinModeConfiguration.ConfigureCabinDevice"/>
  <testcase name="AllCabinAccountIsFreeTest" time="0.253" classname="com.FalconTalk.CabinModeConfiguration.ConfigureCabinDevice"/>
  <testcase name="CabinAccountandExtensionRangeTest" time="4.874" classname="com.FalconTalk.CabinModeConfiguration.ConfigureCabinDevice"/>
  <testcase name="ApplyButtonActiveTest" time="9.591" classname="com.FalconTalk.CabinModeConfiguration.ConfigureCabinDevice"/>
  <testcase name="ApplyButtonPressAndAutoDiscoveryStartTest" time="1.908" classname="com.FalconTalk.CabinModeConfiguration.ConfigureCabinDevice"/>
</testsuite> <!-- CabinModeConfiguration -->
