<?xml version="1.0" encoding="UTF-8"?>
<!-- Generated by org.testng.reporters.JUnitXMLReporter -->
<testsuite hostname="DESKTOP-VII0J20" ignored="0" name="ExtensionRingGroupAxxess" tests="7" failures="0" timestamp="2021-10-26T17:09:03 BDT" time="46.638" errors="0">
  <testcase name="RingGroupExtensionAxxessTest" time="8.658" classname="com.FalconTalk.ExtRingGroup.ExtensionRingGroupAxxess"/>
  <testcase name="DisplayNameTest" time="0.098" classname="com.FalconTalk.ExtRingGroup.ExtensionRingGroupAxxess"/>
  <testcase name="RingGroupExtensionAxxessSelectTest" time="4.672" classname="com.FalconTalk.ExtRingGroup.ExtensionRingGroupAxxess"/>
  <testcase name="CancelButtonAxxessTest" time="0.783" classname="com.FalconTalk.ExtRingGroup.ExtensionRingGroupAxxess"/>
  <testcase name="ApplyButtonAxxessTest" time="14.071" classname="com.FalconTalk.ExtRingGroup.ExtensionRingGroupAxxess"/>
  <testcase name="AccountStatusTest" time="1.624" classname="com.FalconTalk.ExtRingGroup.ExtensionRingGroupAxxess"/>
  <testcase name="ProfilePageAccountNameTest" time="1.51" classname="com.FalconTalk.ExtRingGroup.ExtensionRingGroupAxxess"/>
</testsuite> <!-- ExtensionRingGroupAxxess -->
