<?xml version="1.0" encoding="UTF-8"?>
<!-- Generated by org.testng.reporters.JUnitXMLReporter -->
<testsuite hostname="DESKTOP-VII0J20" ignored="0" name="Keypad" tests="8" failures="0" timestamp="2021-10-26T17:09:29 BDT" time="26.002" errors="0">
  <testcase name="ProfileNameTest" time="1.717" classname="com.FalconTalk.Keypad.Keypad"/>
  <testcase name="AccountStatusTest" time="0.214" classname="com.FalconTalk.Keypad.Keypad"/>
  <testcase name="ProfileNameNaveTest" time="1.592" classname="com.FalconTalk.Keypad.Keypad"/>
  <testcase name="AccountStatusNaveTest" time="0.15" classname="com.FalconTalk.Keypad.Keypad"/>
  <testcase name="AccountSelectionOptionTest" time="2.586" classname="com.FalconTalk.Keypad.Keypad"/>
  <testcase name="RingGroupNameOnNavTest" time="2.094" classname="com.FalconTalk.Keypad.Keypad"/>
  <testcase name="ExtensionOnNavTest" time="0.117" classname="com.FalconTalk.Keypad.Keypad"/>
  <testcase name="ContactOwnNumberTest" time="3.69" classname="com.FalconTalk.Keypad.Keypad"/>
</testsuite> <!-- Keypad -->
