<?xml version="1.0" encoding="UTF-8"?>
<!-- Generated by org.testng.reporters.JUnitXMLReporter -->
<testsuite hostname="DESKTOP-VII0J20" ignored="0" name="PreviousConfig" tests="6" failures="0" timestamp="2021-10-26T17:10:06 BDT" time="37.333" errors="0">
  <testcase name="LastExtensionPageTest" time="7.733" classname="com.FalconTalk.PreviousConfig.PreviousConfig"/>
  <testcase name="LastExtensionTest" time="0.089" classname="com.FalconTalk.PreviousConfig.PreviousConfig"/>
  <testcase name="LastRingGroupTest" time="0.084" classname="com.FalconTalk.PreviousConfig.PreviousConfig"/>
  <testcase name="LastDisplayNameTest" time="0.086" classname="com.FalconTalk.PreviousConfig.PreviousConfig"/>
  <testcase name="OkButtonTest" time="2.649" classname="com.FalconTalk.PreviousConfig.PreviousConfig"/>
  <testcase name="ChangeButtonTest" time="15.403" classname="com.FalconTalk.PreviousConfig.PreviousConfig"/>
</testsuite> <!-- PreviousConfig -->
