<?xml version="1.0" encoding="UTF-8"?>
<!-- Generated by org.testng.reporters.JUnitXMLReporter -->
<testsuite hostname="DESKTOP-VII0J20" ignored="0" name="ProfileDetails" tests="4" failures="0" timestamp="2021-10-26T17:10:53 BDT" time="46.574" errors="0">
  <testcase name="ProfileNamefieldTest" time="0.102" classname="com.FalconTalk.ProfileDetails.ProfileDetails"/>
  <testcase name="DomainfieldTest" time="0.078" classname="com.FalconTalk.ProfileDetails.ProfileDetails"/>
  <testcase name="ExtensionfieldTest" time="0.782" classname="com.FalconTalk.ProfileDetails.ProfileDetails"/>
  <testcase name="ApplyButtonTest" time="30.202" classname="com.FalconTalk.ProfileDetails.ProfileDetails"/>
</testsuite> <!-- ProfileDetails -->
